2023-04-14 14:28:32,490 INFO 12568 [egg-schedule]: register schedule E:\project\TAI\tai-project\learn\egg\case\node_modules\egg-multipart\app\schedule\clean_tmpdir.js
2023-04-14 14:28:32,490 INFO 12568 [egg-schedule]: register schedule E:\project\TAI\tai-project\learn\egg\case\node_modules\egg-logrotator\app\schedule\clean_log.js
2023-04-14 14:28:32,490 INFO 12568 [egg-schedule]: register schedule E:\project\TAI\tai-project\learn\egg\case\node_modules\egg-logrotator\app\schedule\rotate_by_file.js
2023-04-14 14:28:33,401 INFO 27116 [Timer] E:\project\TAI\tai-project\learn\egg\case\node_modules\egg-multipart\app\schedule\clean_tmpdir.js next time will execute after 50486601ms at 2023-04-15 04:30:00.002
2023-04-14 14:28:33,401 INFO 27116 [Timer] E:\project\TAI\tai-project\learn\egg\case\node_modules\egg-logrotator\app\schedule\clean_log.js next time will execute after 34286599ms at 2023-04-15 00:00:00.000
2023-04-14 14:28:33,401 INFO 27116 [Timer] E:\project\TAI\tai-project\learn\egg\case\node_modules\egg-logrotator\app\schedule\rotate_by_file.js next time will execute after 34287599ms at 2023-04-15 00:00:01.000
2023-04-14 14:33:00,742 INFO 22796 [egg-schedule]: register schedule E:\project\TAI\tai-project\learn\egg\case\node_modules\egg-multipart\app\schedule\clean_tmpdir.js
2023-04-14 14:33:00,742 INFO 22796 [egg-schedule]: register schedule E:\project\TAI\tai-project\learn\egg\case\node_modules\egg-logrotator\app\schedule\clean_log.js
2023-04-14 14:33:00,742 INFO 22796 [egg-schedule]: register schedule E:\project\TAI\tai-project\learn\egg\case\node_modules\egg-logrotator\app\schedule\rotate_by_file.js
2023-04-14 14:33:44,380 INFO 5028 [egg-schedule]: register schedule E:\project\TAI\tai-project\learn\egg\case\node_modules\egg-multipart\app\schedule\clean_tmpdir.js
2023-04-14 14:33:44,380 INFO 5028 [egg-schedule]: register schedule E:\project\TAI\tai-project\learn\egg\case\node_modules\egg-logrotator\app\schedule\clean_log.js
2023-04-14 14:33:44,380 INFO 5028 [egg-schedule]: register schedule E:\project\TAI\tai-project\learn\egg\case\node_modules\egg-logrotator\app\schedule\rotate_by_file.js
2023-04-14 14:33:48,962 INFO 26820 [egg-schedule]: register schedule E:\project\TAI\tai-project\learn\egg\case\node_modules\egg-multipart\app\schedule\clean_tmpdir.js
2023-04-14 14:33:48,962 INFO 26820 [egg-schedule]: register schedule E:\project\TAI\tai-project\learn\egg\case\node_modules\egg-logrotator\app\schedule\clean_log.js
2023-04-14 14:33:48,962 INFO 26820 [egg-schedule]: register schedule E:\project\TAI\tai-project\learn\egg\case\node_modules\egg-logrotator\app\schedule\rotate_by_file.js
2023-04-14 14:34:11,543 INFO 876 [egg-schedule]: register schedule E:\project\TAI\tai-project\learn\egg\case\node_modules\egg-multipart\app\schedule\clean_tmpdir.js
2023-04-14 14:34:11,543 INFO 876 [egg-schedule]: register schedule E:\project\TAI\tai-project\learn\egg\case\node_modules\egg-logrotator\app\schedule\clean_log.js
2023-04-14 14:34:11,543 INFO 876 [egg-schedule]: register schedule E:\project\TAI\tai-project\learn\egg\case\node_modules\egg-logrotator\app\schedule\rotate_by_file.js
2023-04-14 14:44:24,454 INFO 17404 [egg-schedule]: register schedule E:\project\TAI\tai-project\learn\egg\case\node_modules\egg-multipart\app\schedule\clean_tmpdir.js
2023-04-14 14:44:24,454 INFO 17404 [egg-schedule]: register schedule E:\project\TAI\tai-project\learn\egg\case\node_modules\egg-logrotator\app\schedule\clean_log.js
2023-04-14 14:44:24,454 INFO 17404 [egg-schedule]: register schedule E:\project\TAI\tai-project\learn\egg\case\node_modules\egg-logrotator\app\schedule\rotate_by_file.js
2023-04-14 14:44:52,649 INFO 26140 [egg-schedule]: register schedule E:\project\TAI\tai-project\learn\egg\case\node_modules\egg-multipart\app\schedule\clean_tmpdir.js
2023-04-14 14:44:52,649 INFO 26140 [egg-schedule]: register schedule E:\project\TAI\tai-project\learn\egg\case\node_modules\egg-logrotator\app\schedule\clean_log.js
2023-04-14 14:44:52,649 INFO 26140 [egg-schedule]: register schedule E:\project\TAI\tai-project\learn\egg\case\node_modules\egg-logrotator\app\schedule\rotate_by_file.js
2023-04-14 14:47:47,661 INFO 12360 [egg-schedule]: register schedule E:\project\TAI\tai-project\learn\egg\case\node_modules\egg-multipart\app\schedule\clean_tmpdir.js
2023-04-14 14:47:47,661 INFO 12360 [egg-schedule]: register schedule E:\project\TAI\tai-project\learn\egg\case\node_modules\egg-logrotator\app\schedule\clean_log.js
2023-04-14 14:47:47,661 INFO 12360 [egg-schedule]: register schedule E:\project\TAI\tai-project\learn\egg\case\node_modules\egg-logrotator\app\schedule\rotate_by_file.js
2023-04-14 14:49:33,782 INFO 14588 [egg-schedule]: register schedule E:\project\TAI\tai-project\learn\egg\case\node_modules\egg-multipart\app\schedule\clean_tmpdir.js
2023-04-14 14:49:33,782 INFO 14588 [egg-schedule]: register schedule E:\project\TAI\tai-project\learn\egg\case\node_modules\egg-logrotator\app\schedule\clean_log.js
2023-04-14 14:49:33,782 INFO 14588 [egg-schedule]: register schedule E:\project\TAI\tai-project\learn\egg\case\node_modules\egg-logrotator\app\schedule\rotate_by_file.js
2023-04-14 14:49:35,446 INFO 26336 [egg-schedule]: register schedule E:\project\TAI\tai-project\learn\egg\case\node_modules\egg-multipart\app\schedule\clean_tmpdir.js
2023-04-14 14:49:35,446 INFO 26336 [egg-schedule]: register schedule E:\project\TAI\tai-project\learn\egg\case\node_modules\egg-logrotator\app\schedule\clean_log.js
2023-04-14 14:49:35,446 INFO 26336 [egg-schedule]: register schedule E:\project\TAI\tai-project\learn\egg\case\node_modules\egg-logrotator\app\schedule\rotate_by_file.js
2023-04-14 14:55:08,081 INFO 11172 [egg-schedule]: register schedule E:\project\TAI\tai-project\learn\egg\case\node_modules\egg-multipart\app\schedule\clean_tmpdir.js
2023-04-14 14:55:08,081 INFO 11172 [egg-schedule]: register schedule E:\project\TAI\tai-project\learn\egg\case\node_modules\egg-logrotator\app\schedule\clean_log.js
2023-04-14 14:55:08,081 INFO 11172 [egg-schedule]: register schedule E:\project\TAI\tai-project\learn\egg\case\node_modules\egg-logrotator\app\schedule\rotate_by_file.js
2023-04-14 15:50:52,391 INFO 13460 [egg-schedule]: register schedule E:\project\TAI\tai-project\learn\egg\case\node_modules\egg-multipart\app\schedule\clean_tmpdir.js
2023-04-14 15:50:52,391 INFO 13460 [egg-schedule]: register schedule E:\project\TAI\tai-project\learn\egg\case\node_modules\egg-logrotator\app\schedule\clean_log.js
2023-04-14 15:50:52,391 INFO 13460 [egg-schedule]: register schedule E:\project\TAI\tai-project\learn\egg\case\node_modules\egg-logrotator\app\schedule\rotate_by_file.js
2023-04-14 15:50:53,976 INFO 16436 [egg-schedule]: register schedule E:\project\TAI\tai-project\learn\egg\case\node_modules\egg-multipart\app\schedule\clean_tmpdir.js
2023-04-14 15:50:53,976 INFO 16436 [egg-schedule]: register schedule E:\project\TAI\tai-project\learn\egg\case\node_modules\egg-logrotator\app\schedule\clean_log.js
2023-04-14 15:50:53,976 INFO 16436 [egg-schedule]: register schedule E:\project\TAI\tai-project\learn\egg\case\node_modules\egg-logrotator\app\schedule\rotate_by_file.js
2023-04-14 15:51:48,776 INFO 18036 [egg-schedule]: register schedule E:\project\TAI\tai-project\learn\egg\case\node_modules\egg-multipart\app\schedule\clean_tmpdir.js
2023-04-14 15:51:48,776 INFO 18036 [egg-schedule]: register schedule E:\project\TAI\tai-project\learn\egg\case\node_modules\egg-logrotator\app\schedule\clean_log.js
2023-04-14 15:51:48,776 INFO 18036 [egg-schedule]: register schedule E:\project\TAI\tai-project\learn\egg\case\node_modules\egg-logrotator\app\schedule\rotate_by_file.js
2023-04-14 15:55:16,893 INFO 3728 [egg-schedule]: register schedule E:\project\TAI\tai-project\learn\egg\case\node_modules\egg-multipart\app\schedule\clean_tmpdir.js
2023-04-14 15:55:16,893 INFO 3728 [egg-schedule]: register schedule E:\project\TAI\tai-project\learn\egg\case\node_modules\egg-logrotator\app\schedule\clean_log.js
2023-04-14 15:55:16,893 INFO 3728 [egg-schedule]: register schedule E:\project\TAI\tai-project\learn\egg\case\node_modules\egg-logrotator\app\schedule\rotate_by_file.js
2023-04-14 15:55:18,143 INFO 15220 [egg-schedule]: register schedule E:\project\TAI\tai-project\learn\egg\case\node_modules\egg-multipart\app\schedule\clean_tmpdir.js
2023-04-14 15:55:18,143 INFO 15220 [egg-schedule]: register schedule E:\project\TAI\tai-project\learn\egg\case\node_modules\egg-logrotator\app\schedule\clean_log.js
2023-04-14 15:55:18,143 INFO 15220 [egg-schedule]: register schedule E:\project\TAI\tai-project\learn\egg\case\node_modules\egg-logrotator\app\schedule\rotate_by_file.js
2023-04-14 15:55:19,421 INFO 22012 [egg-schedule]: register schedule E:\project\TAI\tai-project\learn\egg\case\node_modules\egg-multipart\app\schedule\clean_tmpdir.js
2023-04-14 15:55:19,421 INFO 22012 [egg-schedule]: register schedule E:\project\TAI\tai-project\learn\egg\case\node_modules\egg-logrotator\app\schedule\clean_log.js
2023-04-14 15:55:19,421 INFO 22012 [egg-schedule]: register schedule E:\project\TAI\tai-project\learn\egg\case\node_modules\egg-logrotator\app\schedule\rotate_by_file.js
2023-04-14 15:57:34,580 INFO 24248 [egg-schedule]: register schedule E:\project\TAI\tai-project\learn\egg\case\node_modules\egg-multipart\app\schedule\clean_tmpdir.js
2023-04-14 15:57:34,581 INFO 24248 [egg-schedule]: register schedule E:\project\TAI\tai-project\learn\egg\case\node_modules\egg-logrotator\app\schedule\clean_log.js
2023-04-14 15:57:34,581 INFO 24248 [egg-schedule]: register schedule E:\project\TAI\tai-project\learn\egg\case\node_modules\egg-logrotator\app\schedule\rotate_by_file.js
2023-04-14 16:01:14,429 INFO 12144 [egg-schedule]: register schedule E:\project\TAI\tai-project\learn\egg\case\node_modules\egg-multipart\app\schedule\clean_tmpdir.js
2023-04-14 16:01:14,429 INFO 12144 [egg-schedule]: register schedule E:\project\TAI\tai-project\learn\egg\case\node_modules\egg-logrotator\app\schedule\clean_log.js
2023-04-14 16:01:14,429 INFO 12144 [egg-schedule]: register schedule E:\project\TAI\tai-project\learn\egg\case\node_modules\egg-logrotator\app\schedule\rotate_by_file.js
2023-04-14 16:02:27,780 INFO 23880 [egg-schedule]: register schedule E:\project\TAI\tai-project\learn\egg\case\node_modules\egg-multipart\app\schedule\clean_tmpdir.js
2023-04-14 16:02:27,780 INFO 23880 [egg-schedule]: register schedule E:\project\TAI\tai-project\learn\egg\case\node_modules\egg-logrotator\app\schedule\clean_log.js
2023-04-14 16:02:27,780 INFO 23880 [egg-schedule]: register schedule E:\project\TAI\tai-project\learn\egg\case\node_modules\egg-logrotator\app\schedule\rotate_by_file.js
2023-04-14 16:04:09,613 INFO 10808 [egg-schedule]: register schedule E:\project\TAI\tai-project\learn\egg\case\node_modules\egg-multipart\app\schedule\clean_tmpdir.js
2023-04-14 16:04:09,613 INFO 10808 [egg-schedule]: register schedule E:\project\TAI\tai-project\learn\egg\case\node_modules\egg-logrotator\app\schedule\clean_log.js
2023-04-14 16:04:09,613 INFO 10808 [egg-schedule]: register schedule E:\project\TAI\tai-project\learn\egg\case\node_modules\egg-logrotator\app\schedule\rotate_by_file.js
2023-04-14 16:04:17,887 INFO 27228 [egg-schedule]: register schedule E:\project\TAI\tai-project\learn\egg\case\node_modules\egg-multipart\app\schedule\clean_tmpdir.js
2023-04-14 16:04:17,887 INFO 27228 [egg-schedule]: register schedule E:\project\TAI\tai-project\learn\egg\case\node_modules\egg-logrotator\app\schedule\clean_log.js
2023-04-14 16:04:17,887 INFO 27228 [egg-schedule]: register schedule E:\project\TAI\tai-project\learn\egg\case\node_modules\egg-logrotator\app\schedule\rotate_by_file.js
2023-04-14 16:04:33,733 INFO 27308 [Timer] E:\project\TAI\tai-project\learn\egg\case\node_modules\egg-multipart\app\schedule\clean_tmpdir.js next time will execute after 44726271ms at 2023-04-15 04:30:00.004
2023-04-14 16:04:33,734 INFO 27308 [Timer] E:\project\TAI\tai-project\learn\egg\case\node_modules\egg-logrotator\app\schedule\clean_log.js next time will execute after 28526267ms at 2023-04-15 00:00:00.001
2023-04-14 16:04:33,734 INFO 27308 [Timer] E:\project\TAI\tai-project\learn\egg\case\node_modules\egg-logrotator\app\schedule\rotate_by_file.js next time will execute after 28527266ms at 2023-04-15 00:00:01.000
2023-04-14 16:04:33,462 INFO 6260 [egg-schedule]: register schedule E:\project\TAI\tai-project\learn\egg\case\node_modules\egg-multipart\app\schedule\clean_tmpdir.js
2023-04-14 16:04:33,462 INFO 6260 [egg-schedule]: register schedule E:\project\TAI\tai-project\learn\egg\case\node_modules\egg-logrotator\app\schedule\clean_log.js
2023-04-14 16:04:33,462 INFO 6260 [egg-schedule]: register schedule E:\project\TAI\tai-project\learn\egg\case\node_modules\egg-logrotator\app\schedule\rotate_by_file.js
2023-04-14 16:06:59,945 INFO 26072 [egg-schedule]: register schedule E:\project\TAI\tai-project\learn\egg\case\node_modules\egg-multipart\app\schedule\clean_tmpdir.js
2023-04-14 16:06:59,945 INFO 26072 [egg-schedule]: register schedule E:\project\TAI\tai-project\learn\egg\case\node_modules\egg-logrotator\app\schedule\clean_log.js
2023-04-14 16:06:59,945 INFO 26072 [egg-schedule]: register schedule E:\project\TAI\tai-project\learn\egg\case\node_modules\egg-logrotator\app\schedule\rotate_by_file.js
2023-04-14 16:09:18,683 INFO 20444 [egg-schedule]: register schedule E:\project\TAI\tai-project\learn\egg\case\node_modules\egg-multipart\app\schedule\clean_tmpdir.js
2023-04-14 16:09:18,683 INFO 20444 [egg-schedule]: register schedule E:\project\TAI\tai-project\learn\egg\case\node_modules\egg-logrotator\app\schedule\clean_log.js
2023-04-14 16:09:18,683 INFO 20444 [egg-schedule]: register schedule E:\project\TAI\tai-project\learn\egg\case\node_modules\egg-logrotator\app\schedule\rotate_by_file.js
2023-04-14 16:09:38,026 INFO 8752 [egg-schedule]: register schedule E:\project\TAI\tai-project\learn\egg\case\node_modules\egg-multipart\app\schedule\clean_tmpdir.js
2023-04-14 16:09:38,026 INFO 8752 [egg-schedule]: register schedule E:\project\TAI\tai-project\learn\egg\case\node_modules\egg-logrotator\app\schedule\clean_log.js
2023-04-14 16:09:38,026 INFO 8752 [egg-schedule]: register schedule E:\project\TAI\tai-project\learn\egg\case\node_modules\egg-logrotator\app\schedule\rotate_by_file.js
2023-04-14 16:09:39,601 INFO 16840 [egg-schedule]: register schedule E:\project\TAI\tai-project\learn\egg\case\node_modules\egg-multipart\app\schedule\clean_tmpdir.js
2023-04-14 16:09:39,601 INFO 16840 [egg-schedule]: register schedule E:\project\TAI\tai-project\learn\egg\case\node_modules\egg-logrotator\app\schedule\clean_log.js
2023-04-14 16:09:39,601 INFO 16840 [egg-schedule]: register schedule E:\project\TAI\tai-project\learn\egg\case\node_modules\egg-logrotator\app\schedule\rotate_by_file.js
2023-04-14 16:10:13,809 INFO 24556 [egg-schedule]: register schedule E:\project\TAI\tai-project\learn\egg\case\node_modules\egg-multipart\app\schedule\clean_tmpdir.js
2023-04-14 16:10:13,809 INFO 24556 [egg-schedule]: register schedule E:\project\TAI\tai-project\learn\egg\case\node_modules\egg-logrotator\app\schedule\clean_log.js
2023-04-14 16:10:13,809 INFO 24556 [egg-schedule]: register schedule E:\project\TAI\tai-project\learn\egg\case\node_modules\egg-logrotator\app\schedule\rotate_by_file.js
2023-04-14 16:11:47,231 INFO 21736 [egg-schedule]: register schedule E:\project\TAI\tai-project\learn\egg\case\node_modules\egg-multipart\app\schedule\clean_tmpdir.js
2023-04-14 16:11:47,231 INFO 21736 [egg-schedule]: register schedule E:\project\TAI\tai-project\learn\egg\case\node_modules\egg-logrotator\app\schedule\clean_log.js
2023-04-14 16:11:47,231 INFO 21736 [egg-schedule]: register schedule E:\project\TAI\tai-project\learn\egg\case\node_modules\egg-logrotator\app\schedule\rotate_by_file.js
2023-04-14 16:12:08,505 INFO 26180 [egg-schedule]: register schedule E:\project\TAI\tai-project\learn\egg\case\node_modules\egg-multipart\app\schedule\clean_tmpdir.js
2023-04-14 16:12:08,505 INFO 26180 [egg-schedule]: register schedule E:\project\TAI\tai-project\learn\egg\case\node_modules\egg-logrotator\app\schedule\clean_log.js
2023-04-14 16:12:08,505 INFO 26180 [egg-schedule]: register schedule E:\project\TAI\tai-project\learn\egg\case\node_modules\egg-logrotator\app\schedule\rotate_by_file.js
2023-04-14 16:12:53,793 INFO 11164 [egg-schedule]: register schedule E:\project\TAI\tai-project\learn\egg\case\node_modules\egg-multipart\app\schedule\clean_tmpdir.js
2023-04-14 16:12:53,793 INFO 11164 [egg-schedule]: register schedule E:\project\TAI\tai-project\learn\egg\case\node_modules\egg-logrotator\app\schedule\clean_log.js
2023-04-14 16:12:53,793 INFO 11164 [egg-schedule]: register schedule E:\project\TAI\tai-project\learn\egg\case\node_modules\egg-logrotator\app\schedule\rotate_by_file.js
2023-04-14 16:17:27,171 INFO 16380 [egg-schedule]: register schedule E:\project\TAI\tai-project\learn\egg\case\node_modules\egg-multipart\app\schedule\clean_tmpdir.js
2023-04-14 16:17:27,171 INFO 16380 [egg-schedule]: register schedule E:\project\TAI\tai-project\learn\egg\case\node_modules\egg-logrotator\app\schedule\clean_log.js
2023-04-14 16:17:27,171 INFO 16380 [egg-schedule]: register schedule E:\project\TAI\tai-project\learn\egg\case\node_modules\egg-logrotator\app\schedule\rotate_by_file.js
2023-04-14 16:18:43,312 INFO 18096 [egg-schedule]: register schedule E:\project\TAI\tai-project\learn\egg\case\node_modules\egg-multipart\app\schedule\clean_tmpdir.js
2023-04-14 16:18:43,312 INFO 18096 [egg-schedule]: register schedule E:\project\TAI\tai-project\learn\egg\case\node_modules\egg-logrotator\app\schedule\clean_log.js
2023-04-14 16:18:43,312 INFO 18096 [egg-schedule]: register schedule E:\project\TAI\tai-project\learn\egg\case\node_modules\egg-logrotator\app\schedule\rotate_by_file.js
2023-04-14 16:18:54,100 INFO 22832 [egg-schedule]: register schedule E:\project\TAI\tai-project\learn\egg\case\node_modules\egg-multipart\app\schedule\clean_tmpdir.js
2023-04-14 16:18:54,100 INFO 22832 [egg-schedule]: register schedule E:\project\TAI\tai-project\learn\egg\case\node_modules\egg-logrotator\app\schedule\clean_log.js
2023-04-14 16:18:54,100 INFO 22832 [egg-schedule]: register schedule E:\project\TAI\tai-project\learn\egg\case\node_modules\egg-logrotator\app\schedule\rotate_by_file.js
2023-04-14 16:18:55,891 INFO 25620 [egg-schedule]: register schedule E:\project\TAI\tai-project\learn\egg\case\node_modules\egg-multipart\app\schedule\clean_tmpdir.js
2023-04-14 16:18:55,891 INFO 25620 [egg-schedule]: register schedule E:\project\TAI\tai-project\learn\egg\case\node_modules\egg-logrotator\app\schedule\clean_log.js
2023-04-14 16:18:55,891 INFO 25620 [egg-schedule]: register schedule E:\project\TAI\tai-project\learn\egg\case\node_modules\egg-logrotator\app\schedule\rotate_by_file.js
2023-04-14 16:19:46,742 INFO 9816 [egg-schedule]: register schedule E:\project\TAI\tai-project\learn\egg\case\node_modules\egg-multipart\app\schedule\clean_tmpdir.js
2023-04-14 16:19:46,742 INFO 9816 [egg-schedule]: register schedule E:\project\TAI\tai-project\learn\egg\case\node_modules\egg-logrotator\app\schedule\clean_log.js
2023-04-14 16:19:46,742 INFO 9816 [egg-schedule]: register schedule E:\project\TAI\tai-project\learn\egg\case\node_modules\egg-logrotator\app\schedule\rotate_by_file.js
2023-04-14 16:22:03,044 INFO 2616 [egg-schedule]: register schedule E:\project\TAI\tai-project\learn\egg\case\node_modules\egg-multipart\app\schedule\clean_tmpdir.js
2023-04-14 16:22:03,044 INFO 2616 [egg-schedule]: register schedule E:\project\TAI\tai-project\learn\egg\case\node_modules\egg-logrotator\app\schedule\clean_log.js
2023-04-14 16:22:03,044 INFO 2616 [egg-schedule]: register schedule E:\project\TAI\tai-project\learn\egg\case\node_modules\egg-logrotator\app\schedule\rotate_by_file.js
2023-04-14 16:22:34,906 INFO 4648 [egg-schedule]: register schedule E:\project\TAI\tai-project\learn\egg\case\node_modules\egg-multipart\app\schedule\clean_tmpdir.js
2023-04-14 16:22:34,906 INFO 4648 [egg-schedule]: register schedule E:\project\TAI\tai-project\learn\egg\case\node_modules\egg-logrotator\app\schedule\clean_log.js
2023-04-14 16:22:34,906 INFO 4648 [egg-schedule]: register schedule E:\project\TAI\tai-project\learn\egg\case\node_modules\egg-logrotator\app\schedule\rotate_by_file.js
2023-04-14 16:22:44,489 INFO 26168 [egg-schedule]: register schedule E:\project\TAI\tai-project\learn\egg\case\node_modules\egg-multipart\app\schedule\clean_tmpdir.js
2023-04-14 16:22:44,489 INFO 26168 [egg-schedule]: register schedule E:\project\TAI\tai-project\learn\egg\case\node_modules\egg-logrotator\app\schedule\clean_log.js
2023-04-14 16:22:44,490 INFO 26168 [egg-schedule]: register schedule E:\project\TAI\tai-project\learn\egg\case\node_modules\egg-logrotator\app\schedule\rotate_by_file.js
2023-04-14 16:24:45,037 INFO 18784 [egg-schedule]: register schedule E:\project\TAI\tai-project\learn\egg\case\node_modules\egg-multipart\app\schedule\clean_tmpdir.js
2023-04-14 16:24:45,037 INFO 18784 [egg-schedule]: register schedule E:\project\TAI\tai-project\learn\egg\case\node_modules\egg-logrotator\app\schedule\clean_log.js
2023-04-14 16:24:45,037 INFO 18784 [egg-schedule]: register schedule E:\project\TAI\tai-project\learn\egg\case\node_modules\egg-logrotator\app\schedule\rotate_by_file.js
2023-04-14 16:28:26,955 INFO 12796 [egg-schedule]: register schedule E:\project\TAI\tai-project\learn\egg\case\node_modules\egg-multipart\app\schedule\clean_tmpdir.js
2023-04-14 16:28:26,955 INFO 12796 [egg-schedule]: register schedule E:\project\TAI\tai-project\learn\egg\case\node_modules\egg-logrotator\app\schedule\clean_log.js
2023-04-14 16:28:26,955 INFO 12796 [egg-schedule]: register schedule E:\project\TAI\tai-project\learn\egg\case\node_modules\egg-logrotator\app\schedule\rotate_by_file.js
2023-04-14 16:28:58,118 INFO 2804 [egg-schedule]: register schedule E:\project\TAI\tai-project\learn\egg\case\node_modules\egg-multipart\app\schedule\clean_tmpdir.js
2023-04-14 16:28:58,118 INFO 2804 [egg-schedule]: register schedule E:\project\TAI\tai-project\learn\egg\case\node_modules\egg-logrotator\app\schedule\clean_log.js
2023-04-14 16:28:58,118 INFO 2804 [egg-schedule]: register schedule E:\project\TAI\tai-project\learn\egg\case\node_modules\egg-logrotator\app\schedule\rotate_by_file.js
2023-04-14 16:30:04,018 INFO 25672 [egg-schedule]: register schedule E:\project\TAI\tai-project\learn\egg\case\node_modules\egg-multipart\app\schedule\clean_tmpdir.js
2023-04-14 16:30:04,018 INFO 25672 [egg-schedule]: register schedule E:\project\TAI\tai-project\learn\egg\case\node_modules\egg-logrotator\app\schedule\clean_log.js
2023-04-14 16:30:04,018 INFO 25672 [egg-schedule]: register schedule E:\project\TAI\tai-project\learn\egg\case\node_modules\egg-logrotator\app\schedule\rotate_by_file.js
2023-04-14 16:30:30,320 INFO 26356 [egg-schedule]: register schedule E:\project\TAI\tai-project\learn\egg\case\node_modules\egg-multipart\app\schedule\clean_tmpdir.js
2023-04-14 16:30:30,320 INFO 26356 [egg-schedule]: register schedule E:\project\TAI\tai-project\learn\egg\case\node_modules\egg-logrotator\app\schedule\clean_log.js
2023-04-14 16:30:30,320 INFO 26356 [egg-schedule]: register schedule E:\project\TAI\tai-project\learn\egg\case\node_modules\egg-logrotator\app\schedule\rotate_by_file.js
2023-04-14 16:31:04,994 INFO 12360 [egg-schedule]: register schedule E:\project\TAI\tai-project\learn\egg\case\node_modules\egg-multipart\app\schedule\clean_tmpdir.js
2023-04-14 16:31:04,994 INFO 12360 [egg-schedule]: register schedule E:\project\TAI\tai-project\learn\egg\case\node_modules\egg-logrotator\app\schedule\clean_log.js
2023-04-14 16:31:04,994 INFO 12360 [egg-schedule]: register schedule E:\project\TAI\tai-project\learn\egg\case\node_modules\egg-logrotator\app\schedule\rotate_by_file.js
2023-04-14 16:33:59,637 INFO 26512 [egg-schedule]: register schedule E:\project\TAI\tai-project\learn\egg\case\node_modules\egg-multipart\app\schedule\clean_tmpdir.js
2023-04-14 16:33:59,637 INFO 26512 [egg-schedule]: register schedule E:\project\TAI\tai-project\learn\egg\case\node_modules\egg-logrotator\app\schedule\clean_log.js
2023-04-14 16:33:59,637 INFO 26512 [egg-schedule]: register schedule E:\project\TAI\tai-project\learn\egg\case\node_modules\egg-logrotator\app\schedule\rotate_by_file.js
2023-04-14 16:34:21,727 INFO 26712 [egg-schedule]: register schedule E:\project\TAI\tai-project\learn\egg\case\node_modules\egg-multipart\app\schedule\clean_tmpdir.js
2023-04-14 16:34:21,727 INFO 26712 [egg-schedule]: register schedule E:\project\TAI\tai-project\learn\egg\case\node_modules\egg-logrotator\app\schedule\clean_log.js
2023-04-14 16:34:21,727 INFO 26712 [egg-schedule]: register schedule E:\project\TAI\tai-project\learn\egg\case\node_modules\egg-logrotator\app\schedule\rotate_by_file.js
2023-04-14 16:36:31,459 INFO 16064 [egg-schedule]: register schedule E:\project\TAI\tai-project\learn\egg\case\node_modules\egg-multipart\app\schedule\clean_tmpdir.js
2023-04-14 16:36:31,459 INFO 16064 [egg-schedule]: register schedule E:\project\TAI\tai-project\learn\egg\case\node_modules\egg-logrotator\app\schedule\clean_log.js
2023-04-14 16:36:31,459 INFO 16064 [egg-schedule]: register schedule E:\project\TAI\tai-project\learn\egg\case\node_modules\egg-logrotator\app\schedule\rotate_by_file.js
2023-04-14 16:40:15,544 INFO 24152 [egg-schedule]: register schedule E:\project\TAI\tai-project\learn\egg\case\node_modules\egg-multipart\app\schedule\clean_tmpdir.js
2023-04-14 16:40:15,544 INFO 24152 [egg-schedule]: register schedule E:\project\TAI\tai-project\learn\egg\case\node_modules\egg-logrotator\app\schedule\clean_log.js
2023-04-14 16:40:15,544 INFO 24152 [egg-schedule]: register schedule E:\project\TAI\tai-project\learn\egg\case\node_modules\egg-logrotator\app\schedule\rotate_by_file.js
2023-04-14 16:42:03,599 INFO 25060 [egg-schedule]: register schedule E:\project\TAI\tai-project\learn\egg\case\node_modules\egg-multipart\app\schedule\clean_tmpdir.js
2023-04-14 16:42:03,599 INFO 25060 [egg-schedule]: register schedule E:\project\TAI\tai-project\learn\egg\case\node_modules\egg-logrotator\app\schedule\clean_log.js
2023-04-14 16:42:03,599 INFO 25060 [egg-schedule]: register schedule E:\project\TAI\tai-project\learn\egg\case\node_modules\egg-logrotator\app\schedule\rotate_by_file.js
2023-04-14 16:47:17,950 INFO 1412 [Timer] E:\project\TAI\tai-project\learn\egg\case\node_modules\egg-multipart\app\schedule\clean_tmpdir.js next time will execute after 42162055ms at 2023-04-15 04:30:00.004
2023-04-14 16:47:17,950 INFO 1412 [Timer] E:\project\TAI\tai-project\learn\egg\case\node_modules\egg-logrotator\app\schedule\clean_log.js next time will execute after 25962050ms at 2023-04-15 00:00:00.000
2023-04-14 16:47:17,950 INFO 1412 [Timer] E:\project\TAI\tai-project\learn\egg\case\node_modules\egg-logrotator\app\schedule\rotate_by_file.js next time will execute after 25963050ms at 2023-04-15 00:00:01.000
2023-04-14 16:47:17,679 INFO 16552 [egg-schedule]: register schedule E:\project\TAI\tai-project\learn\egg\case\node_modules\egg-multipart\app\schedule\clean_tmpdir.js
2023-04-14 16:47:17,679 INFO 16552 [egg-schedule]: register schedule E:\project\TAI\tai-project\learn\egg\case\node_modules\egg-logrotator\app\schedule\clean_log.js
2023-04-14 16:47:17,679 INFO 16552 [egg-schedule]: register schedule E:\project\TAI\tai-project\learn\egg\case\node_modules\egg-logrotator\app\schedule\rotate_by_file.js
2023-04-14 16:48:07,525 INFO 13188 [egg-schedule]: register schedule E:\project\TAI\tai-project\learn\egg\case\node_modules\egg-multipart\app\schedule\clean_tmpdir.js
2023-04-14 16:48:07,525 INFO 13188 [egg-schedule]: register schedule E:\project\TAI\tai-project\learn\egg\case\node_modules\egg-logrotator\app\schedule\clean_log.js
2023-04-14 16:48:07,525 INFO 13188 [egg-schedule]: register schedule E:\project\TAI\tai-project\learn\egg\case\node_modules\egg-logrotator\app\schedule\rotate_by_file.js
2023-04-14 16:48:10,289 INFO 8760 [egg-schedule]: register schedule E:\project\TAI\tai-project\learn\egg\case\node_modules\egg-multipart\app\schedule\clean_tmpdir.js
2023-04-14 16:48:10,289 INFO 8760 [egg-schedule]: register schedule E:\project\TAI\tai-project\learn\egg\case\node_modules\egg-logrotator\app\schedule\clean_log.js
2023-04-14 16:48:10,289 INFO 8760 [egg-schedule]: register schedule E:\project\TAI\tai-project\learn\egg\case\node_modules\egg-logrotator\app\schedule\rotate_by_file.js
2023-04-14 16:48:11,909 INFO 6416 [egg-schedule]: register schedule E:\project\TAI\tai-project\learn\egg\case\node_modules\egg-multipart\app\schedule\clean_tmpdir.js
2023-04-14 16:48:11,909 INFO 6416 [egg-schedule]: register schedule E:\project\TAI\tai-project\learn\egg\case\node_modules\egg-logrotator\app\schedule\clean_log.js
2023-04-14 16:48:11,909 INFO 6416 [egg-schedule]: register schedule E:\project\TAI\tai-project\learn\egg\case\node_modules\egg-logrotator\app\schedule\rotate_by_file.js
2023-04-14 16:51:01,872 INFO 18436 [egg-schedule]: register schedule E:\project\TAI\tai-project\learn\egg\case\node_modules\egg-multipart\app\schedule\clean_tmpdir.js
2023-04-14 16:51:01,872 INFO 18436 [egg-schedule]: register schedule E:\project\TAI\tai-project\learn\egg\case\node_modules\egg-logrotator\app\schedule\clean_log.js
2023-04-14 16:51:01,873 INFO 18436 [egg-schedule]: register schedule E:\project\TAI\tai-project\learn\egg\case\node_modules\egg-logrotator\app\schedule\rotate_by_file.js
2023-04-14 16:51:03,512 INFO 14528 [egg-schedule]: register schedule E:\project\TAI\tai-project\learn\egg\case\node_modules\egg-multipart\app\schedule\clean_tmpdir.js
2023-04-14 16:51:03,512 INFO 14528 [egg-schedule]: register schedule E:\project\TAI\tai-project\learn\egg\case\node_modules\egg-logrotator\app\schedule\clean_log.js
2023-04-14 16:51:03,512 INFO 14528 [egg-schedule]: register schedule E:\project\TAI\tai-project\learn\egg\case\node_modules\egg-logrotator\app\schedule\rotate_by_file.js
